#TOP
#Layer Min_location Min_drop Max_location Max_drop
M7 ( 51 , 51 ) 5.960464e-08 ( 15.5 , 30.3 ) 4.330000e-07
VIA6 ( 51 , 51 ) 5.960464e-08 ( 15 , 29.7 ) 1.220703e-04
M6 ( 51.5 , 51.5 ) 1.422195e-06 ( 15.5 , 27.5 ) 9.338820e-05
VIA5 ( 51.5 , 51.5 ) 1.422195e-06 ( 15 , 29.7 ) 2.437830e-04
M5 ( 51.5 , 51.5 ) 2.672081e-06 ( 15 , 29.7 ) 2.437830e-04
VIA4 ( 51.5 , 51.5 ) 2.672081e-06 ( 15.5 , 30.3 ) 3.109138e-04
M4 ( 51.5 , 51.5 ) 3.052630e-06 ( 15.5 , 27.5 ) 2.253342e-04
VIA3 ( 51.5 , 51.5 ) 3.052630e-06 ( 15.5 , 30.3 ) 4.454299e-04
M3 ( 51.5 , 51.5 ) 3.608671e-06 ( 15.5 , 30.3 ) 4.454299e-04
VIA2 ( 51 , 50.1 ) 8.761883e-06 ( 15.5 , 30.3 ) 1.108542e-03
VIA1 ( 51 , 50.1 ) 1.204014e-05 ( 15.5 , 30.3 ) 2.434765e-03
M1 ( 51 , 50.1 ) 1.853704e-05 ( 11.963 , 27.3 ) 3.151894e-03

Net VDD
#Layer Min_location Min_drop Max_location Max_drop
M7 ( 51 , 51 ) 5.960464e-08 ( 15 , 28.5 ) 4.172325e-07
VIA6 ( 51 , 51 ) 5.960464e-08 ( 15 , 29.7 ) 1.220703e-04
M6 ( 51 , 51 ) 2.086163e-06 ( 15 , 27 ) 9.256601e-05
VIA5 ( 51 , 51 ) 2.086163e-06 ( 15 , 29.7 ) 2.437830e-04
M5 ( 51 , 51 ) 4.053116e-06 ( 15 , 29.7 ) 2.437830e-04
VIA4 ( 51 , 51 ) 4.053116e-06 ( 15 , 29.7 ) 3.089309e-04
M4 ( 51 , 51 ) 4.708767e-06 ( 15 , 27 ) 2.239943e-04
VIA3 ( 51 , 51 ) 4.708767e-06 ( 15 , 29.7 ) 4.392266e-04
M3 ( 51 , 51 ) 5.781651e-06 ( 15 , 29.7 ) 4.392266e-04
VIA2 ( 51 , 50.1 ) 8.761883e-06 ( 15 , 28.5 ) 1.042187e-03
VIA1 ( 51 , 50.1 ) 1.204014e-05 ( 15 , 27.3 ) 2.354264e-03
M1 ( 51 , 50.1 ) 1.853704e-05 ( 11.963 , 27.3 ) 3.151894e-03

Net VSS
#Layer Min_location Min_drop Max_location Max_drop
M7 ( 51.5 , 51.5 ) 8.631600e-08 ( 15.5 , 30.3 ) 4.330000e-07
VIA6 ( 51.5 , 51.5 ) 8.631600e-08 ( 15.5 , 30.3 ) 1.220444e-04
M6 ( 51.5 , 51.5 ) 1.422195e-06 ( 15.5 , 27.5 ) 9.338820e-05
VIA5 ( 51.5 , 51.5 ) 1.422195e-06 ( 15.5 , 30.3 ) 2.436558e-04
M5 ( 51.5 , 51.5 ) 2.672081e-06 ( 15.5 , 30.3 ) 2.436558e-04
VIA4 ( 51.5 , 51.5 ) 2.672081e-06 ( 15.5 , 30.3 ) 3.109138e-04
M4 ( 51.5 , 51.5 ) 3.052630e-06 ( 15.5 , 27.5 ) 2.253342e-04
VIA3 ( 51.5 , 51.5 ) 3.052630e-06 ( 15.5 , 30.3 ) 4.454299e-04
M3 ( 51.5 , 51.5 ) 3.608671e-06 ( 15.5 , 30.3 ) 4.454299e-04
VIA2 ( 45.5 , 50.7 ) 1.238005e-05 ( 15.5 , 30.3 ) 1.108542e-03
VIA1 ( 45.5 , 50.7 ) 1.549042e-05 ( 15.5 , 30.3 ) 2.434765e-03
M1 ( 45.5 , 50.6995 ) 2.171117e-05 ( 17.809 , 30.3 ) 2.866520e-03
