 
****************************************
Report : reference
Design : tv80s
Version: R-2020.09-SP3
Date   : Fri Nov 17 22:17:03 2023
****************************************

Attributes:
    b - black box (unknown)
   bo - allows boundary optimization
    d - dont_touch
   mo - map_only
    h - hierarchical
    n - noncombinational
    r - removable
    s - synthetic operator
    u - contains unmapped logic

Reference          Library       Unit Area   Count    Total Area   Attributes
-----------------------------------------------------------------------------
AND2X1_RVT         saed32rvt_ss0p75v125c     2.033152     248   504.221722
AND2X2_RVT         saed32rvt_ss0p75v125c     2.287296      25    57.182401
AND3X1_RVT         saed32rvt_ss0p75v125c     2.287296      79   180.696388
AND3X2_RVT         saed32rvt_ss0p75v125c     2.541440      19    48.287360
AND4X1_RVT         saed32rvt_ss0p75v125c     2.541440      42   106.740480
AO21X1_RVT         saed32rvt_ss0p75v125c     2.541440     139   353.260161
AO21X2_RVT         saed32rvt_ss0p75v125c     2.795584       2     5.591168
AO22X1_RVT         saed32rvt_ss0p75v125c     2.541440     223   566.741122
AO221X1_RVT        saed32rvt_ss0p75v125c     3.049728     157   478.807283
AO222X1_RVT        saed32rvt_ss0p75v125c     3.303872      77   254.398152
AOI21X1_RVT        saed32rvt_ss0p75v125c     3.049728      36   109.790205
AOI22X1_RVT        saed32rvt_ss0p75v125c     3.049728      17    51.845375
AOI221X1_RVT       saed32rvt_ss0p75v125c     3.558016       9    32.022145
AOI222X1_RVT       saed32rvt_ss0p75v125c     3.812160      20    76.243200
DFFSSRX1_RVT       saed32rvt_ss0p75v125c     7.116032      12    85.392385 n
DFFSSRX2_RVT       saed32rvt_ss0p75v125c     7.624320       1     7.624320 n
DFFX1_RVT          saed32rvt_ss0p75v125c     6.607744     332  2193.771080 n
DFFX2_RVT          saed32rvt_ss0p75v125c     7.116032      14    99.624450 n
INVX0_RVT          saed32rvt_ss0p75v125c     1.270720      31    39.392320
INVX1_RVT          saed32rvt_ss0p75v125c     1.270720     453   575.636162
INVX2_RVT          saed32rvt_ss0p75v125c     1.524864      22    33.547007
INVX4_RVT          saed32rvt_ss0p75v125c     2.033152      10    20.331521
MUX21X1_RVT        saed32rvt_ss0p75v125c     3.303872     257   849.095132
NAND2X0_RVT        saed32rvt_ss0p75v125c     1.524864     624   951.515110
NAND2X1_RVT        saed32rvt_ss0p75v125c     2.541440      17    43.204480
NAND2X2_RVT        saed32rvt_ss0p75v125c     2.795584       9    25.160256
NAND2X4_RVT        saed32rvt_ss0p75v125c     3.303872       1     3.303872
NAND3X0_RVT        saed32rvt_ss0p75v125c     1.779008     208   370.033670
NAND3X1_RVT        saed32rvt_ss0p75v125c     2.795584       8    22.364672
NAND3X2_RVT        saed32rvt_ss0p75v125c     3.049728       5    15.248640
NAND4X0_RVT        saed32rvt_ss0p75v125c     2.033152     124   252.110861
NAND4X1_RVT        saed32rvt_ss0p75v125c     3.049728       6    18.298368
NBUFFX2_RVT        saed32rvt_ss0p75v125c     2.033152      17    34.563586
NBUFFX4_RVT        saed32rvt_ss0p75v125c     2.541440       1     2.541440
NOR2X0_RVT         saed32rvt_ss0p75v125c     2.541440       5    12.707200
NOR2X1_RVT         saed32rvt_ss0p75v125c     2.541440       4    10.165760
NOR3X0_RVT         saed32rvt_ss0p75v125c     2.795584       3     8.386752
NOR4X1_RVT         saed32rvt_ss0p75v125c     3.049728       2     6.099456
OA21X1_RVT         saed32rvt_ss0p75v125c     2.541440      33    83.867520
OA22X1_RVT         saed32rvt_ss0p75v125c     2.541440      71   180.442241
OA221X1_RVT        saed32rvt_ss0p75v125c     3.049728      29    88.442110
OA222X1_RVT        saed32rvt_ss0p75v125c     3.303872      38   125.547140
OAI21X1_RVT        saed32rvt_ss0p75v125c     3.049728       4    12.198912
OAI22X1_RVT        saed32rvt_ss0p75v125c     3.049728       4    12.198912
OAI221X1_RVT       saed32rvt_ss0p75v125c     3.558016      17    60.486273
OR2X1_RVT          saed32rvt_ss0p75v125c     2.033152      34    69.127172
OR3X1_RVT          saed32rvt_ss0p75v125c     2.541440      43   109.281920
OR3X2_RVT          saed32rvt_ss0p75v125c     2.541440      18    45.745920
OR4X1_RVT          saed32rvt_ss0p75v125c     3.558016       2     7.116032
SNPS_CLOCK_GATE_HIGH_tv80s_0     10.674048       1     10.674048  h, n
SNPS_CLOCK_GATE_HIGH_tv80s_1     10.674048       1     10.674048  h, n
SNPS_CLOCK_GATE_HIGH_tv80s_2     10.419904       1     10.419904  h, n
XNOR2X1_RVT        saed32rvt_ss0p75v125c     4.320448      12    51.845375
XNOR3X1_RVT        saed32rvt_ss0p75v125c     6.099456      23   140.287484
XOR2X1_RVT         saed32rvt_ss0p75v125c     4.320448      46   198.740604
XOR3X1_RVT         saed32rvt_ss0p75v125c     7.116032      16   113.856514
tv80s_DW01_inc_0                 51.845377       1     51.845377  h
tv80s_DW01_inc_1_DW01_inc_4      22.110528       1     22.110528  h
-----------------------------------------------------------------------------
Total 58 references                                  9910.853698
1
