 
****************************************
Report : clock_gating
        -nosplit
Design : tv80s
Version: R-2020.09-SP3
Date   : Fri Nov 17 22:17:03 2023
****************************************

Information: Identification of clock-gating cells has not been performed. Pre-existing clock-gating cells will not be reported. (PWR-947)


                             Clock Gating Summary
          ------------------------------------------------------------
          |    Number of Clock gating elements    |        3         |
          |                                       |                  |
          |    Number of Gated registers          |   328 (91.36%)   |
          |                                       |                  |
          |    Number of Ungated registers        |    31 (8.64%)    |
          |                                       |                  |
          |    Total number of registers          |      359         |
          ------------------------------------------------------------



                             Clock Gating Report by Origin
          +-------------------------------------------------+------------------+
          |                                                 |    Actual (%)    |
          |                                                 |    Count         |
          +-------------------------------------------------+------------------+
          |  Number of tool-inserted clock gating elements  |     3 (100.00%)  |
          |                                                 |                  |
          |  Number of pre-existing clock gating elements   |     0 (0.00%)    |
          |                                                 |                  |
          |  Number of gated registers                      |   328 (91.36%)   |
          |                                                 |                  |
          |  Number of tool-inserted gated registers        |   328 (91.36%)   |
          |                                                 |                  |
          |  Number of pre-existing gated registers         |     0 (0.00%)    |
          |                                                 |                  |
          |  Number of ungated registers                    |    31 (8.64%)    |
          |                                                 |                  |
          |  Number of registers                            |      359         |
          +-------------------------------------------------+------------------+



1
