 
****************************************
Report : area
Design : vga_enh_top
Version: R-2020.09-SP3
Date   : Mon Nov  6 10:37:34 2023
****************************************

Library(s) Used:

    saed32rvt_ss0p75v125c (File: /home/hot_data/DB/snps32/SAED32_EDK/lib/stdcell_rvt/db_nldm/saed32rvt_ss0p75v125c.db)

Number of ports:                         5917
Number of nets:                         44271
Number of cells:                        39465
Number of combinational cells:          19641
Number of sequential cells:             18416
Number of macros/black boxes:               0
Number of buf/inv:                       4737
Number of references:                    1425

Combinational area:              46013.025556
Buf/Inv area:                     8084.066700
Noncombinational area:          126055.934833
Macro/Black Box area:                0.000000
Net Interconnect area:           18988.534358

Total cell area:                172068.960388
Total area:                     191057.494746
1
