 
****************************************
Report : clock_gating
        -nosplit
Design : vga_enh_top
Version: R-2020.09-SP3
Date   : Mon Nov  6 10:37:37 2023
****************************************

Information: Identification of clock-gating cells has not been performed. Pre-existing clock-gating cells will not be reported. (PWR-947)


                             Clock Gating Summary
          ------------------------------------------------------------
          |    Number of Clock gating elements    |     1359         |
          |                                       |                  |
          |    Number of Gated registers          | 16734 (98.11%)   |
          |                                       |                  |
          |    Number of Ungated registers        |   323 (1.89%)    |
          |                                       |                  |
          |    Total number of registers          |    17057         |
          ------------------------------------------------------------



                             Clock Gating Report by Origin
          +-------------------------------------------------+------------------+
          |                                                 |    Actual (%)    |
          |                                                 |    Count         |
          +-------------------------------------------------+------------------+
          |  Number of tool-inserted clock gating elements  |  1359 (100.00%)  |
          |                                                 |                  |
          |  Number of pre-existing clock gating elements   |     0 (0.00%)    |
          |                                                 |                  |
          |  Number of gated registers                      | 16734 (98.11%)   |
          |                                                 |                  |
          |  Number of tool-inserted gated registers        | 16734 (98.11%)   |
          |                                                 |                  |
          |  Number of pre-existing gated registers         |     0 (0.00%)    |
          |                                                 |                  |
          |  Number of ungated registers                    |   323 (1.89%)    |
          |                                                 |                  |
          |  Number of registers                            |    17057         |
          +-------------------------------------------------+------------------+



1
