#TOP
#Layer Min_location Min_drop Max_location Max_drop
M7 ( 3 , 0.9 ) 0.000000e+00 ( 45.5 , 19.5 ) 2.630400e-08
VIA6 ( 3 , 3 ) 0.000000e+00 ( 45.5 , 19.5 ) 7.462347e-06
M6 ( 51.5 , 51.5 ) 7.630700e-08 ( 27.5 , 21.5 ) 5.749151e-06
VIA5 ( 51.5 , 51.5 ) 7.630700e-08 ( 45.5 , 19.5 ) 1.489839e-05
M5 ( 51.5 , 51.5 ) 1.426190e-07 ( 45.5 , 19.5 ) 1.489839e-05
VIA4 ( 51.5 , 51.5 ) 1.426190e-07 ( 45.5 , 19.5 ) 1.895568e-05
M4 ( 51.5 , 51.5 ) 1.630260e-07 ( 27.5 , 21.5 ) 1.385317e-05
VIA3 ( 51.5 , 51.5 ) 1.630260e-07 ( 45.5 , 19.5 ) 2.707027e-05
M3 ( 51.5 , 51.5 ) 1.921068e-07 ( 45.5 , 19.5 ) 2.707027e-05
VIA2 ( 51 , 50.1 ) 4.768372e-07 ( 45.5 , 19.5 ) 6.462107e-05
VIA1 ( 51 , 50.1 ) 7.152557e-07 ( 45.5 , 19.5 ) 1.397227e-04
M1 ( 51 , 50.1 ) 1.132488e-06 ( 50.295 , 19.5 ) 2.024662e-04

Net VDD
#Layer Min_location Min_drop Max_location Max_drop
M7 ( 3 , 0.9 ) 0.000000e+00 ( 3 , 0.9 ) 0.000000e+00
VIA6 ( 3 , 3 ) 0.000000e+00 ( 15 , 29.7 ) 6.854534e-06
M6 ( 51 , 51 ) 1.192093e-07 ( 27 , 21 ) 5.543232e-06
VIA5 ( 51 , 51 ) 1.192093e-07 ( 15 , 29.7 ) 1.370907e-05
M5 ( 51 , 51 ) 2.384186e-07 ( 15 , 29.7 ) 1.370907e-05
VIA4 ( 51 , 51 ) 2.384186e-07 ( 15 , 29.7 ) 1.734495e-05
M4 ( 51 , 51 ) 2.384186e-07 ( 27 , 21 ) 1.341105e-05
VIA3 ( 51 , 51 ) 2.384186e-07 ( 15 , 29.7 ) 2.455711e-05
M3 ( 51 , 51 ) 2.980232e-07 ( 15 , 29.7 ) 2.455711e-05
VIA2 ( 51 , 50.1 ) 4.768372e-07 ( 27 , 20.1 ) 5.996227e-05
VIA1 ( 51 , 50.1 ) 7.152557e-07 ( 15 , 27.3 ) 1.364946e-04
M1 ( 51 , 50.1 ) 1.132488e-06 ( 11.963 , 27.3 ) 1.755357e-04

Net VSS
#Layer Min_location Min_drop Max_location Max_drop
M7 ( 51.5 , 51.5 ) 5.075000e-09 ( 45.5 , 19.5 ) 2.630400e-08
VIA6 ( 51.5 , 51.5 ) 5.075000e-09 ( 45.5 , 19.5 ) 7.462347e-06
M6 ( 51.5 , 51.5 ) 7.630700e-08 ( 27.5 , 21.5 ) 5.749151e-06
VIA5 ( 51.5 , 51.5 ) 7.630700e-08 ( 45.5 , 19.5 ) 1.489839e-05
M5 ( 51.5 , 51.5 ) 1.426190e-07 ( 45.5 , 19.5 ) 1.489839e-05
VIA4 ( 51.5 , 51.5 ) 1.426190e-07 ( 45.5 , 19.5 ) 1.895568e-05
M4 ( 51.5 , 51.5 ) 1.630260e-07 ( 27.5 , 21.5 ) 1.385317e-05
VIA3 ( 51.5 , 51.5 ) 1.630260e-07 ( 45.5 , 19.5 ) 2.707027e-05
M3 ( 51.5 , 51.5 ) 1.921068e-07 ( 45.5 , 19.5 ) 2.707027e-05
VIA2 ( 45.5 , 50.7 ) 6.870360e-07 ( 45.5 , 19.5 ) 6.462107e-05
VIA1 ( 45.5 , 50.7 ) 9.223688e-07 ( 45.5 , 19.5 ) 1.397227e-04
M1 ( 45.5 , 50.6995 ) 1.393034e-06 ( 50.295 , 19.5 ) 2.024662e-04
