#@ # 
#@ # Running icc2_shell Version S-2021.06-SP5 for linux64 -- Jan 14, 2022
#@ # Date:   Mon Nov  6 13:24:40 2023
#@ # Run by: ischo@wappinger
#@ 

 
            set ROOT_DIR /home/ischo/github/PGC-Resizing;
            set ICC_DIR /home/ischo/github/PGC-Resizing/201_ICC2;
            set DC_DIR /home/ischo/github/PGC-Resizing/101_DC;
            set SETUP_DIR /home/ischo/PGC-Resizing/000_SETUP;
            set PDK_DIR /home/hot_data/DB/snps32;
            #set rm_tech ;
            #set rm_design vga_lcd; 
            set DESIGN vga_lcd; 
            set design_dir vga_lcd;
            #set rm_rtl_setup ;
            set tr_time 0.15
            set skew_time 0.3
            set tr_leaf 0.15
            set UF 0.60
			set AR 1.0
#                           set PLACE_EFFORT medium;
            set CPP_NUM 200
            set PAD_PARAM 10;
            set MAX_UTIL 0.90;
            set ver_name vga_lcd_0.60_0.90;
            echo [date]; 

            source -e -v /home/ischo/github/PGC-Resizing/201_ICC2/scripts/physical_snps32.tcl;
            #source -e -v /home/ischo/github/PGC-Resizing/201_ICC2/scripts/physical_snps32_local_sizing.tcl;
            
